[2025-07-08T20:15:02.161+0000] {processor.py:161} INFO - Started process (PID=42) to work on /opt/airflow/dags/my_first_dag.py
[2025-07-08T20:15:02.163+0000] {processor.py:830} INFO - Processing file /opt/airflow/dags/my_first_dag.py for tasks to queue
[2025-07-08T20:15:02.175+0000] {logging_mixin.py:188} INFO - [2025-07-08T20:15:02.174+0000] {dagbag.py:538} INFO - Filling up the DagBag from /opt/airflow/dags/my_first_dag.py
[2025-07-08T20:15:09.085+0000] {processor.py:840} INFO - DAG(s) 'daily_sales_report' retrieved from /opt/airflow/dags/my_first_dag.py
[2025-07-08T20:15:16.476+0000] {logging_mixin.py:188} INFO - [2025-07-08T20:15:16.474+0000] {dag.py:3036} INFO - Sync 1 DAGs
[2025-07-08T20:15:16.836+0000] {logging_mixin.py:188} INFO - [2025-07-08T20:15:16.833+0000] {dag.py:3823} INFO - Setting next_dagrun for daily_sales_report to 2025-07-07 00:00:00+00:00, run_after=2025-07-08 00:00:00+00:00
[2025-07-08T20:15:17.282+0000] {processor.py:183} INFO - Processing /opt/airflow/dags/my_first_dag.py took 15.129 seconds
[2025-07-08T20:15:55.976+0000] {processor.py:161} INFO - Started process (PID=99) to work on /opt/airflow/dags/my_first_dag.py
[2025-07-08T20:15:55.979+0000] {processor.py:830} INFO - Processing file /opt/airflow/dags/my_first_dag.py for tasks to queue
[2025-07-08T20:15:55.984+0000] {logging_mixin.py:188} INFO - [2025-07-08T20:15:55.983+0000] {dagbag.py:538} INFO - Filling up the DagBag from /opt/airflow/dags/my_first_dag.py
[2025-07-08T20:16:03.092+0000] {processor.py:840} INFO - DAG(s) 'daily_sales_report' retrieved from /opt/airflow/dags/my_first_dag.py
[2025-07-08T20:16:03.160+0000] {logging_mixin.py:188} INFO - [2025-07-08T20:16:03.159+0000] {dag.py:3036} INFO - Sync 1 DAGs
[2025-07-08T20:16:03.232+0000] {logging_mixin.py:188} INFO - [2025-07-08T20:16:03.232+0000] {dag.py:3823} INFO - Setting next_dagrun for daily_sales_report to 2025-07-08 00:00:00+00:00, run_after=2025-07-09 00:00:00+00:00
[2025-07-08T20:16:03.520+0000] {processor.py:183} INFO - Processing /opt/airflow/dags/my_first_dag.py took 7.559 seconds
[2025-07-08T20:16:34.521+0000] {processor.py:161} INFO - Started process (PID=156) to work on /opt/airflow/dags/my_first_dag.py
[2025-07-08T20:16:34.524+0000] {processor.py:830} INFO - Processing file /opt/airflow/dags/my_first_dag.py for tasks to queue
[2025-07-08T20:16:34.562+0000] {logging_mixin.py:188} INFO - [2025-07-08T20:16:34.561+0000] {dagbag.py:538} INFO - Filling up the DagBag from /opt/airflow/dags/my_first_dag.py
[2025-07-08T20:16:45.801+0000] {processor.py:840} INFO - DAG(s) 'daily_sales_report' retrieved from /opt/airflow/dags/my_first_dag.py
[2025-07-08T20:16:45.953+0000] {logging_mixin.py:188} INFO - [2025-07-08T20:16:45.952+0000] {dag.py:3036} INFO - Sync 1 DAGs
[2025-07-08T20:16:46.167+0000] {logging_mixin.py:188} INFO - [2025-07-08T20:16:46.166+0000] {dag.py:3823} INFO - Setting next_dagrun for daily_sales_report to 2025-07-08 00:00:00+00:00, run_after=2025-07-09 00:00:00+00:00
[2025-07-08T20:16:46.293+0000] {processor.py:183} INFO - Processing /opt/airflow/dags/my_first_dag.py took 11.833 seconds
[2025-07-08T20:17:17.096+0000] {processor.py:161} INFO - Started process (PID=217) to work on /opt/airflow/dags/my_first_dag.py
[2025-07-08T20:17:17.116+0000] {processor.py:830} INFO - Processing file /opt/airflow/dags/my_first_dag.py for tasks to queue
[2025-07-08T20:17:17.134+0000] {logging_mixin.py:188} INFO - [2025-07-08T20:17:17.134+0000] {dagbag.py:538} INFO - Filling up the DagBag from /opt/airflow/dags/my_first_dag.py
[2025-07-08T20:17:23.883+0000] {processor.py:840} INFO - DAG(s) 'daily_sales_report' retrieved from /opt/airflow/dags/my_first_dag.py
[2025-07-08T20:17:23.935+0000] {logging_mixin.py:188} INFO - [2025-07-08T20:17:23.932+0000] {dag.py:3036} INFO - Sync 1 DAGs
[2025-07-08T20:17:24.033+0000] {logging_mixin.py:188} INFO - [2025-07-08T20:17:24.033+0000] {dag.py:3823} INFO - Setting next_dagrun for daily_sales_report to 2025-07-08 00:00:00+00:00, run_after=2025-07-09 00:00:00+00:00
[2025-07-08T20:17:24.099+0000] {processor.py:183} INFO - Processing /opt/airflow/dags/my_first_dag.py took 7.023 seconds
[2025-07-08T20:17:54.547+0000] {processor.py:161} INFO - Started process (PID=274) to work on /opt/airflow/dags/my_first_dag.py
[2025-07-08T20:17:54.551+0000] {processor.py:830} INFO - Processing file /opt/airflow/dags/my_first_dag.py for tasks to queue
[2025-07-08T20:17:54.556+0000] {logging_mixin.py:188} INFO - [2025-07-08T20:17:54.555+0000] {dagbag.py:538} INFO - Filling up the DagBag from /opt/airflow/dags/my_first_dag.py
[2025-07-08T20:17:58.805+0000] {processor.py:840} INFO - DAG(s) 'daily_sales_report' retrieved from /opt/airflow/dags/my_first_dag.py
[2025-07-08T20:17:58.849+0000] {logging_mixin.py:188} INFO - [2025-07-08T20:17:58.849+0000] {dag.py:3036} INFO - Sync 1 DAGs
[2025-07-08T20:17:58.904+0000] {logging_mixin.py:188} INFO - [2025-07-08T20:17:58.903+0000] {dag.py:3823} INFO - Setting next_dagrun for daily_sales_report to 2025-07-08 00:00:00+00:00, run_after=2025-07-09 00:00:00+00:00
[2025-07-08T20:17:58.942+0000] {processor.py:183} INFO - Processing /opt/airflow/dags/my_first_dag.py took 4.412 seconds
[2025-07-08T20:18:29.157+0000] {processor.py:161} INFO - Started process (PID=332) to work on /opt/airflow/dags/my_first_dag.py
[2025-07-08T20:18:29.160+0000] {processor.py:830} INFO - Processing file /opt/airflow/dags/my_first_dag.py for tasks to queue
[2025-07-08T20:18:29.165+0000] {logging_mixin.py:188} INFO - [2025-07-08T20:18:29.164+0000] {dagbag.py:538} INFO - Filling up the DagBag from /opt/airflow/dags/my_first_dag.py
[2025-07-08T20:18:30.987+0000] {processor.py:840} INFO - DAG(s) 'daily_sales_report' retrieved from /opt/airflow/dags/my_first_dag.py
[2025-07-08T20:18:31.022+0000] {logging_mixin.py:188} INFO - [2025-07-08T20:18:31.021+0000] {dag.py:3036} INFO - Sync 1 DAGs
[2025-07-08T20:18:31.080+0000] {logging_mixin.py:188} INFO - [2025-07-08T20:18:31.079+0000] {dag.py:3823} INFO - Setting next_dagrun for daily_sales_report to 2025-07-08 00:00:00+00:00, run_after=2025-07-09 00:00:00+00:00
[2025-07-08T20:18:31.111+0000] {processor.py:183} INFO - Processing /opt/airflow/dags/my_first_dag.py took 1.963 seconds
[2025-07-08T20:19:01.414+0000] {processor.py:161} INFO - Started process (PID=389) to work on /opt/airflow/dags/my_first_dag.py
[2025-07-08T20:19:01.417+0000] {processor.py:830} INFO - Processing file /opt/airflow/dags/my_first_dag.py for tasks to queue
[2025-07-08T20:19:01.422+0000] {logging_mixin.py:188} INFO - [2025-07-08T20:19:01.422+0000] {dagbag.py:538} INFO - Filling up the DagBag from /opt/airflow/dags/my_first_dag.py
[2025-07-08T20:19:02.465+0000] {processor.py:840} INFO - DAG(s) 'daily_sales_report' retrieved from /opt/airflow/dags/my_first_dag.py
[2025-07-08T20:19:02.500+0000] {logging_mixin.py:188} INFO - [2025-07-08T20:19:02.499+0000] {dag.py:3036} INFO - Sync 1 DAGs
[2025-07-08T20:19:02.539+0000] {logging_mixin.py:188} INFO - [2025-07-08T20:19:02.539+0000] {dag.py:3823} INFO - Setting next_dagrun for daily_sales_report to 2025-07-08 00:00:00+00:00, run_after=2025-07-09 00:00:00+00:00
[2025-07-08T20:19:02.582+0000] {processor.py:183} INFO - Processing /opt/airflow/dags/my_first_dag.py took 1.180 seconds
[2025-07-08T20:19:33.018+0000] {processor.py:161} INFO - Started process (PID=446) to work on /opt/airflow/dags/my_first_dag.py
[2025-07-08T20:19:33.020+0000] {processor.py:830} INFO - Processing file /opt/airflow/dags/my_first_dag.py for tasks to queue
[2025-07-08T20:19:33.025+0000] {logging_mixin.py:188} INFO - [2025-07-08T20:19:33.024+0000] {dagbag.py:538} INFO - Filling up the DagBag from /opt/airflow/dags/my_first_dag.py
[2025-07-08T20:19:33.883+0000] {processor.py:840} INFO - DAG(s) 'daily_sales_report' retrieved from /opt/airflow/dags/my_first_dag.py
[2025-07-08T20:19:33.944+0000] {logging_mixin.py:188} INFO - [2025-07-08T20:19:33.943+0000] {dag.py:3036} INFO - Sync 1 DAGs
[2025-07-08T20:19:34.007+0000] {logging_mixin.py:188} INFO - [2025-07-08T20:19:34.006+0000] {dag.py:3823} INFO - Setting next_dagrun for daily_sales_report to 2025-07-08 00:00:00+00:00, run_after=2025-07-09 00:00:00+00:00
[2025-07-08T20:19:34.051+0000] {processor.py:183} INFO - Processing /opt/airflow/dags/my_first_dag.py took 1.040 seconds
[2025-07-08T20:20:05.057+0000] {processor.py:161} INFO - Started process (PID=504) to work on /opt/airflow/dags/my_first_dag.py
[2025-07-08T20:20:05.061+0000] {processor.py:830} INFO - Processing file /opt/airflow/dags/my_first_dag.py for tasks to queue
[2025-07-08T20:20:05.075+0000] {logging_mixin.py:188} INFO - [2025-07-08T20:20:05.074+0000] {dagbag.py:538} INFO - Filling up the DagBag from /opt/airflow/dags/my_first_dag.py
[2025-07-08T20:20:09.563+0000] {processor.py:840} INFO - DAG(s) 'daily_sales_report' retrieved from /opt/airflow/dags/my_first_dag.py
[2025-07-08T20:20:09.670+0000] {logging_mixin.py:188} INFO - [2025-07-08T20:20:09.669+0000] {dag.py:3036} INFO - Sync 1 DAGs
[2025-07-08T20:20:09.784+0000] {logging_mixin.py:188} INFO - [2025-07-08T20:20:09.783+0000] {dag.py:3823} INFO - Setting next_dagrun for daily_sales_report to 2025-07-08 00:00:00+00:00, run_after=2025-07-09 00:00:00+00:00
[2025-07-08T20:20:09.833+0000] {processor.py:183} INFO - Processing /opt/airflow/dags/my_first_dag.py took 4.796 seconds
[2025-07-08T20:20:40.325+0000] {processor.py:161} INFO - Started process (PID=562) to work on /opt/airflow/dags/my_first_dag.py
[2025-07-08T20:20:40.329+0000] {processor.py:830} INFO - Processing file /opt/airflow/dags/my_first_dag.py for tasks to queue
[2025-07-08T20:20:40.342+0000] {logging_mixin.py:188} INFO - [2025-07-08T20:20:40.338+0000] {dagbag.py:538} INFO - Filling up the DagBag from /opt/airflow/dags/my_first_dag.py
[2025-07-08T20:20:41.482+0000] {processor.py:840} INFO - DAG(s) 'daily_sales_report' retrieved from /opt/airflow/dags/my_first_dag.py
[2025-07-08T20:20:41.515+0000] {logging_mixin.py:188} INFO - [2025-07-08T20:20:41.515+0000] {dag.py:3036} INFO - Sync 1 DAGs
[2025-07-08T20:20:41.566+0000] {logging_mixin.py:188} INFO - [2025-07-08T20:20:41.565+0000] {dag.py:3823} INFO - Setting next_dagrun for daily_sales_report to 2025-07-08 00:00:00+00:00, run_after=2025-07-09 00:00:00+00:00
[2025-07-08T20:20:41.607+0000] {processor.py:183} INFO - Processing /opt/airflow/dags/my_first_dag.py took 1.293 seconds
[2025-07-08T20:21:11.729+0000] {processor.py:161} INFO - Started process (PID=619) to work on /opt/airflow/dags/my_first_dag.py
[2025-07-08T20:21:11.732+0000] {processor.py:830} INFO - Processing file /opt/airflow/dags/my_first_dag.py for tasks to queue
[2025-07-08T20:21:11.737+0000] {logging_mixin.py:188} INFO - [2025-07-08T20:21:11.736+0000] {dagbag.py:538} INFO - Filling up the DagBag from /opt/airflow/dags/my_first_dag.py
[2025-07-08T20:21:12.489+0000] {processor.py:840} INFO - DAG(s) 'daily_sales_report' retrieved from /opt/airflow/dags/my_first_dag.py
[2025-07-08T20:21:12.519+0000] {logging_mixin.py:188} INFO - [2025-07-08T20:21:12.518+0000] {dag.py:3036} INFO - Sync 1 DAGs
[2025-07-08T20:21:12.567+0000] {logging_mixin.py:188} INFO - [2025-07-08T20:21:12.567+0000] {dag.py:3823} INFO - Setting next_dagrun for daily_sales_report to 2025-07-08 00:00:00+00:00, run_after=2025-07-09 00:00:00+00:00
[2025-07-08T20:21:12.607+0000] {processor.py:183} INFO - Processing /opt/airflow/dags/my_first_dag.py took 0.885 seconds
[2025-07-08T20:21:44.965+0000] {processor.py:161} INFO - Started process (PID=675) to work on /opt/airflow/dags/my_first_dag.py
[2025-07-08T20:21:44.979+0000] {processor.py:830} INFO - Processing file /opt/airflow/dags/my_first_dag.py for tasks to queue
[2025-07-08T20:21:44.992+0000] {logging_mixin.py:188} INFO - [2025-07-08T20:21:44.991+0000] {dagbag.py:538} INFO - Filling up the DagBag from /opt/airflow/dags/my_first_dag.py
[2025-07-08T20:21:51.658+0000] {processor.py:840} INFO - DAG(s) 'daily_sales_report' retrieved from /opt/airflow/dags/my_first_dag.py
[2025-07-08T20:21:51.764+0000] {logging_mixin.py:188} INFO - [2025-07-08T20:21:51.763+0000] {dag.py:3036} INFO - Sync 1 DAGs
[2025-07-08T20:21:51.880+0000] {logging_mixin.py:188} INFO - [2025-07-08T20:21:51.880+0000] {dag.py:3823} INFO - Setting next_dagrun for daily_sales_report to 2025-07-08 00:00:00+00:00, run_after=2025-07-09 00:00:00+00:00
[2025-07-08T20:21:51.981+0000] {processor.py:183} INFO - Processing /opt/airflow/dags/my_first_dag.py took 7.024 seconds
[2025-07-08T20:22:22.270+0000] {processor.py:161} INFO - Started process (PID=738) to work on /opt/airflow/dags/my_first_dag.py
[2025-07-08T20:22:22.307+0000] {processor.py:830} INFO - Processing file /opt/airflow/dags/my_first_dag.py for tasks to queue
[2025-07-08T20:22:22.351+0000] {logging_mixin.py:188} INFO - [2025-07-08T20:22:22.344+0000] {dagbag.py:538} INFO - Filling up the DagBag from /opt/airflow/dags/my_first_dag.py
[2025-07-08T20:22:29.795+0000] {processor.py:840} INFO - DAG(s) 'daily_sales_report' retrieved from /opt/airflow/dags/my_first_dag.py
[2025-07-08T20:22:29.840+0000] {logging_mixin.py:188} INFO - [2025-07-08T20:22:29.839+0000] {dag.py:3036} INFO - Sync 1 DAGs
[2025-07-08T20:22:29.916+0000] {logging_mixin.py:188} INFO - [2025-07-08T20:22:29.915+0000] {dag.py:3823} INFO - Setting next_dagrun for daily_sales_report to 2025-07-08 00:00:00+00:00, run_after=2025-07-09 00:00:00+00:00
[2025-07-08T20:22:29.963+0000] {processor.py:183} INFO - Processing /opt/airflow/dags/my_first_dag.py took 7.727 seconds
[2025-07-08T20:23:00.322+0000] {processor.py:161} INFO - Started process (PID=795) to work on /opt/airflow/dags/my_first_dag.py
[2025-07-08T20:23:00.337+0000] {processor.py:830} INFO - Processing file /opt/airflow/dags/my_first_dag.py for tasks to queue
[2025-07-08T20:23:00.349+0000] {logging_mixin.py:188} INFO - [2025-07-08T20:23:00.349+0000] {dagbag.py:538} INFO - Filling up the DagBag from /opt/airflow/dags/my_first_dag.py
[2025-07-08T20:23:06.988+0000] {processor.py:840} INFO - DAG(s) 'daily_sales_report' retrieved from /opt/airflow/dags/my_first_dag.py
[2025-07-08T20:23:07.031+0000] {logging_mixin.py:188} INFO - [2025-07-08T20:23:07.030+0000] {dag.py:3036} INFO - Sync 1 DAGs
[2025-07-08T20:23:07.115+0000] {logging_mixin.py:188} INFO - [2025-07-08T20:23:07.115+0000] {dag.py:3823} INFO - Setting next_dagrun for daily_sales_report to 2025-07-08 00:00:00+00:00, run_after=2025-07-09 00:00:00+00:00
[2025-07-08T20:23:07.193+0000] {processor.py:183} INFO - Processing /opt/airflow/dags/my_first_dag.py took 6.882 seconds
[2025-07-08T20:23:37.485+0000] {processor.py:161} INFO - Started process (PID=853) to work on /opt/airflow/dags/my_first_dag.py
[2025-07-08T20:23:37.499+0000] {processor.py:830} INFO - Processing file /opt/airflow/dags/my_first_dag.py for tasks to queue
[2025-07-08T20:23:37.504+0000] {logging_mixin.py:188} INFO - [2025-07-08T20:23:37.504+0000] {dagbag.py:538} INFO - Filling up the DagBag from /opt/airflow/dags/my_first_dag.py
[2025-07-08T20:23:39.702+0000] {processor.py:840} INFO - DAG(s) 'daily_sales_report' retrieved from /opt/airflow/dags/my_first_dag.py
[2025-07-08T20:23:39.853+0000] {logging_mixin.py:188} INFO - [2025-07-08T20:23:39.852+0000] {dag.py:3036} INFO - Sync 1 DAGs
[2025-07-08T20:23:40.120+0000] {logging_mixin.py:188} INFO - [2025-07-08T20:23:40.119+0000] {dag.py:3823} INFO - Setting next_dagrun for daily_sales_report to 2025-07-08 00:00:00+00:00, run_after=2025-07-09 00:00:00+00:00
[2025-07-08T20:23:40.197+0000] {processor.py:183} INFO - Processing /opt/airflow/dags/my_first_dag.py took 2.724 seconds
[2025-07-08T20:24:10.787+0000] {processor.py:161} INFO - Started process (PID=910) to work on /opt/airflow/dags/my_first_dag.py
[2025-07-08T20:24:10.790+0000] {processor.py:830} INFO - Processing file /opt/airflow/dags/my_first_dag.py for tasks to queue
[2025-07-08T20:24:10.798+0000] {logging_mixin.py:188} INFO - [2025-07-08T20:24:10.794+0000] {dagbag.py:538} INFO - Filling up the DagBag from /opt/airflow/dags/my_first_dag.py
[2025-07-08T20:24:11.698+0000] {processor.py:840} INFO - DAG(s) 'daily_sales_report' retrieved from /opt/airflow/dags/my_first_dag.py
[2025-07-08T20:24:11.735+0000] {logging_mixin.py:188} INFO - [2025-07-08T20:24:11.734+0000] {dag.py:3036} INFO - Sync 1 DAGs
[2025-07-08T20:24:11.785+0000] {logging_mixin.py:188} INFO - [2025-07-08T20:24:11.785+0000] {dag.py:3823} INFO - Setting next_dagrun for daily_sales_report to 2025-07-08 00:00:00+00:00, run_after=2025-07-09 00:00:00+00:00
[2025-07-08T20:24:11.826+0000] {processor.py:183} INFO - Processing /opt/airflow/dags/my_first_dag.py took 1.052 seconds
[2025-07-08T20:24:41.961+0000] {processor.py:161} INFO - Started process (PID=968) to work on /opt/airflow/dags/my_first_dag.py
[2025-07-08T20:24:41.963+0000] {processor.py:830} INFO - Processing file /opt/airflow/dags/my_first_dag.py for tasks to queue
[2025-07-08T20:24:41.967+0000] {logging_mixin.py:188} INFO - [2025-07-08T20:24:41.966+0000] {dagbag.py:538} INFO - Filling up the DagBag from /opt/airflow/dags/my_first_dag.py
[2025-07-08T20:24:43.174+0000] {processor.py:840} INFO - DAG(s) 'daily_sales_report' retrieved from /opt/airflow/dags/my_first_dag.py
[2025-07-08T20:24:43.212+0000] {logging_mixin.py:188} INFO - [2025-07-08T20:24:43.211+0000] {dag.py:3036} INFO - Sync 1 DAGs
[2025-07-08T20:24:43.283+0000] {logging_mixin.py:188} INFO - [2025-07-08T20:24:43.282+0000] {dag.py:3823} INFO - Setting next_dagrun for daily_sales_report to 2025-07-08 00:00:00+00:00, run_after=2025-07-09 00:00:00+00:00
[2025-07-08T20:24:43.330+0000] {processor.py:183} INFO - Processing /opt/airflow/dags/my_first_dag.py took 1.377 seconds
[2025-07-08T20:25:13.618+0000] {processor.py:161} INFO - Started process (PID=1025) to work on /opt/airflow/dags/my_first_dag.py
[2025-07-08T20:25:13.628+0000] {processor.py:830} INFO - Processing file /opt/airflow/dags/my_first_dag.py for tasks to queue
[2025-07-08T20:25:13.632+0000] {logging_mixin.py:188} INFO - [2025-07-08T20:25:13.632+0000] {dagbag.py:538} INFO - Filling up the DagBag from /opt/airflow/dags/my_first_dag.py
[2025-07-08T20:25:14.853+0000] {processor.py:840} INFO - DAG(s) 'daily_sales_report' retrieved from /opt/airflow/dags/my_first_dag.py
[2025-07-08T20:25:14.885+0000] {logging_mixin.py:188} INFO - [2025-07-08T20:25:14.884+0000] {dag.py:3036} INFO - Sync 1 DAGs
[2025-07-08T20:25:14.935+0000] {logging_mixin.py:188} INFO - [2025-07-08T20:25:14.934+0000] {dag.py:3823} INFO - Setting next_dagrun for daily_sales_report to 2025-07-08 00:00:00+00:00, run_after=2025-07-09 00:00:00+00:00
[2025-07-08T20:25:14.972+0000] {processor.py:183} INFO - Processing /opt/airflow/dags/my_first_dag.py took 1.362 seconds
[2025-07-08T20:25:45.114+0000] {processor.py:161} INFO - Started process (PID=1082) to work on /opt/airflow/dags/my_first_dag.py
[2025-07-08T20:25:45.117+0000] {processor.py:830} INFO - Processing file /opt/airflow/dags/my_first_dag.py for tasks to queue
[2025-07-08T20:25:45.121+0000] {logging_mixin.py:188} INFO - [2025-07-08T20:25:45.121+0000] {dagbag.py:538} INFO - Filling up the DagBag from /opt/airflow/dags/my_first_dag.py
[2025-07-08T20:25:46.079+0000] {processor.py:840} INFO - DAG(s) 'daily_sales_report' retrieved from /opt/airflow/dags/my_first_dag.py
[2025-07-08T20:25:46.124+0000] {logging_mixin.py:188} INFO - [2025-07-08T20:25:46.123+0000] {dag.py:3036} INFO - Sync 1 DAGs
[2025-07-08T20:25:46.191+0000] {logging_mixin.py:188} INFO - [2025-07-08T20:25:46.190+0000] {dag.py:3823} INFO - Setting next_dagrun for daily_sales_report to 2025-07-08 00:00:00+00:00, run_after=2025-07-09 00:00:00+00:00
[2025-07-08T20:25:46.228+0000] {processor.py:183} INFO - Processing /opt/airflow/dags/my_first_dag.py took 1.123 seconds
[2025-07-08T20:26:16.604+0000] {processor.py:161} INFO - Started process (PID=1139) to work on /opt/airflow/dags/my_first_dag.py
[2025-07-08T20:26:16.618+0000] {processor.py:830} INFO - Processing file /opt/airflow/dags/my_first_dag.py for tasks to queue
[2025-07-08T20:26:16.631+0000] {logging_mixin.py:188} INFO - [2025-07-08T20:26:16.625+0000] {dagbag.py:538} INFO - Filling up the DagBag from /opt/airflow/dags/my_first_dag.py
[2025-07-08T20:26:20.264+0000] {processor.py:840} INFO - DAG(s) 'daily_sales_report' retrieved from /opt/airflow/dags/my_first_dag.py
[2025-07-08T20:26:20.327+0000] {logging_mixin.py:188} INFO - [2025-07-08T20:26:20.326+0000] {dag.py:3036} INFO - Sync 1 DAGs
[2025-07-08T20:26:20.530+0000] {logging_mixin.py:188} INFO - [2025-07-08T20:26:20.529+0000] {dag.py:3823} INFO - Setting next_dagrun for daily_sales_report to 2025-07-08 00:00:00+00:00, run_after=2025-07-09 00:00:00+00:00
[2025-07-08T20:26:21.096+0000] {processor.py:183} INFO - Processing /opt/airflow/dags/my_first_dag.py took 4.500 seconds
[2025-07-08T20:26:51.269+0000] {processor.py:161} INFO - Started process (PID=1203) to work on /opt/airflow/dags/my_first_dag.py
[2025-07-08T20:26:51.271+0000] {processor.py:830} INFO - Processing file /opt/airflow/dags/my_first_dag.py for tasks to queue
[2025-07-08T20:26:51.276+0000] {logging_mixin.py:188} INFO - [2025-07-08T20:26:51.275+0000] {dagbag.py:538} INFO - Filling up the DagBag from /opt/airflow/dags/my_first_dag.py
[2025-07-08T20:26:53.979+0000] {processor.py:840} INFO - DAG(s) 'daily_sales_report' retrieved from /opt/airflow/dags/my_first_dag.py
[2025-07-08T20:26:54.044+0000] {logging_mixin.py:188} INFO - [2025-07-08T20:26:54.043+0000] {dag.py:3036} INFO - Sync 1 DAGs
[2025-07-08T20:26:54.122+0000] {logging_mixin.py:188} INFO - [2025-07-08T20:26:54.122+0000] {dag.py:3823} INFO - Setting next_dagrun for daily_sales_report to 2025-07-08 00:00:00+00:00, run_after=2025-07-09 00:00:00+00:00
[2025-07-08T20:26:54.277+0000] {processor.py:183} INFO - Processing /opt/airflow/dags/my_first_dag.py took 3.019 seconds
[2025-07-08T20:27:24.651+0000] {processor.py:161} INFO - Started process (PID=1260) to work on /opt/airflow/dags/my_first_dag.py
[2025-07-08T20:27:24.654+0000] {processor.py:830} INFO - Processing file /opt/airflow/dags/my_first_dag.py for tasks to queue
[2025-07-08T20:27:24.657+0000] {logging_mixin.py:188} INFO - [2025-07-08T20:27:24.657+0000] {dagbag.py:538} INFO - Filling up the DagBag from /opt/airflow/dags/my_first_dag.py
[2025-07-08T20:27:25.975+0000] {processor.py:840} INFO - DAG(s) 'daily_sales_report' retrieved from /opt/airflow/dags/my_first_dag.py
[2025-07-08T20:27:26.019+0000] {logging_mixin.py:188} INFO - [2025-07-08T20:27:26.018+0000] {dag.py:3036} INFO - Sync 1 DAGs
[2025-07-08T20:27:26.121+0000] {logging_mixin.py:188} INFO - [2025-07-08T20:27:26.121+0000] {dag.py:3823} INFO - Setting next_dagrun for daily_sales_report to 2025-07-08 00:00:00+00:00, run_after=2025-07-09 00:00:00+00:00
[2025-07-08T20:27:26.180+0000] {processor.py:183} INFO - Processing /opt/airflow/dags/my_first_dag.py took 1.543 seconds
[2025-07-08T20:27:56.536+0000] {processor.py:161} INFO - Started process (PID=1318) to work on /opt/airflow/dags/my_first_dag.py
[2025-07-08T20:27:56.539+0000] {processor.py:830} INFO - Processing file /opt/airflow/dags/my_first_dag.py for tasks to queue
[2025-07-08T20:27:56.546+0000] {logging_mixin.py:188} INFO - [2025-07-08T20:27:56.546+0000] {dagbag.py:538} INFO - Filling up the DagBag from /opt/airflow/dags/my_first_dag.py
[2025-07-08T20:27:57.341+0000] {processor.py:840} INFO - DAG(s) 'daily_sales_report' retrieved from /opt/airflow/dags/my_first_dag.py
[2025-07-08T20:27:57.374+0000] {logging_mixin.py:188} INFO - [2025-07-08T20:27:57.373+0000] {dag.py:3036} INFO - Sync 1 DAGs
[2025-07-08T20:27:57.418+0000] {logging_mixin.py:188} INFO - [2025-07-08T20:27:57.418+0000] {dag.py:3823} INFO - Setting next_dagrun for daily_sales_report to 2025-07-08 00:00:00+00:00, run_after=2025-07-09 00:00:00+00:00
[2025-07-08T20:27:57.448+0000] {processor.py:183} INFO - Processing /opt/airflow/dags/my_first_dag.py took 0.931 seconds
[2025-07-08T20:28:28.250+0000] {processor.py:161} INFO - Started process (PID=1375) to work on /opt/airflow/dags/my_first_dag.py
[2025-07-08T20:28:28.665+0000] {processor.py:830} INFO - Processing file /opt/airflow/dags/my_first_dag.py for tasks to queue
[2025-07-08T20:28:28.675+0000] {logging_mixin.py:188} INFO - [2025-07-08T20:28:28.673+0000] {dagbag.py:538} INFO - Filling up the DagBag from /opt/airflow/dags/my_first_dag.py
[2025-07-08T20:28:31.555+0000] {processor.py:840} INFO - DAG(s) 'daily_sales_report' retrieved from /opt/airflow/dags/my_first_dag.py
[2025-07-08T20:28:31.588+0000] {logging_mixin.py:188} INFO - [2025-07-08T20:28:31.587+0000] {dag.py:3036} INFO - Sync 1 DAGs
[2025-07-08T20:28:31.676+0000] {logging_mixin.py:188} INFO - [2025-07-08T20:28:31.666+0000] {dag.py:3823} INFO - Setting next_dagrun for daily_sales_report to 2025-07-08 00:00:00+00:00, run_after=2025-07-09 00:00:00+00:00
[2025-07-08T20:28:31.766+0000] {processor.py:183} INFO - Processing /opt/airflow/dags/my_first_dag.py took 3.524 seconds
[2025-07-08T20:29:01.917+0000] {processor.py:161} INFO - Started process (PID=1434) to work on /opt/airflow/dags/my_first_dag.py
[2025-07-08T20:29:01.919+0000] {processor.py:830} INFO - Processing file /opt/airflow/dags/my_first_dag.py for tasks to queue
[2025-07-08T20:29:01.923+0000] {logging_mixin.py:188} INFO - [2025-07-08T20:29:01.923+0000] {dagbag.py:538} INFO - Filling up the DagBag from /opt/airflow/dags/my_first_dag.py
[2025-07-08T20:29:02.805+0000] {processor.py:840} INFO - DAG(s) 'daily_sales_report' retrieved from /opt/airflow/dags/my_first_dag.py
[2025-07-08T20:29:02.849+0000] {logging_mixin.py:188} INFO - [2025-07-08T20:29:02.848+0000] {dag.py:3036} INFO - Sync 1 DAGs
[2025-07-08T20:29:02.918+0000] {logging_mixin.py:188} INFO - [2025-07-08T20:29:02.917+0000] {dag.py:3823} INFO - Setting next_dagrun for daily_sales_report to 2025-07-08 00:00:00+00:00, run_after=2025-07-09 00:00:00+00:00
[2025-07-08T20:29:02.982+0000] {processor.py:183} INFO - Processing /opt/airflow/dags/my_first_dag.py took 1.067 seconds
[2025-07-08T20:29:16.135+0000] {processor.py:161} INFO - Started process (PID=1480) to work on /opt/airflow/dags/my_first_dag.py
[2025-07-08T20:29:16.137+0000] {processor.py:830} INFO - Processing file /opt/airflow/dags/my_first_dag.py for tasks to queue
[2025-07-08T20:29:16.141+0000] {logging_mixin.py:188} INFO - [2025-07-08T20:29:16.140+0000] {dagbag.py:538} INFO - Filling up the DagBag from /opt/airflow/dags/my_first_dag.py
[2025-07-08T20:29:17.272+0000] {processor.py:840} INFO - DAG(s) 'products_sales_report' retrieved from /opt/airflow/dags/my_first_dag.py
[2025-07-08T20:29:17.643+0000] {logging_mixin.py:188} INFO - [2025-07-08T20:29:17.642+0000] {override.py:1769} INFO - Created Permission View: can delete on DAG:products_sales_report
[2025-07-08T20:29:17.687+0000] {logging_mixin.py:188} INFO - [2025-07-08T20:29:17.686+0000] {override.py:1769} INFO - Created Permission View: can read on DAG:products_sales_report
[2025-07-08T20:29:17.716+0000] {logging_mixin.py:188} INFO - [2025-07-08T20:29:17.713+0000] {override.py:1769} INFO - Created Permission View: can edit on DAG:products_sales_report
[2025-07-08T20:29:17.720+0000] {logging_mixin.py:188} INFO - [2025-07-08T20:29:17.719+0000] {dag.py:3036} INFO - Sync 1 DAGs
[2025-07-08T20:29:17.763+0000] {logging_mixin.py:188} INFO - [2025-07-08T20:29:17.762+0000] {dag.py:3058} INFO - Creating ORM DAG for products_sales_report
[2025-07-08T20:29:17.801+0000] {logging_mixin.py:188} INFO - [2025-07-08T20:29:17.800+0000] {dag.py:3823} INFO - Setting next_dagrun for products_sales_report to 2025-07-07 00:00:00+00:00, run_after=2025-07-08 00:00:00+00:00
[2025-07-08T20:29:17.886+0000] {processor.py:183} INFO - Processing /opt/airflow/dags/my_first_dag.py took 1.754 seconds
[2025-07-08T20:29:48.217+0000] {processor.py:161} INFO - Started process (PID=1537) to work on /opt/airflow/dags/my_first_dag.py
[2025-07-08T20:29:48.220+0000] {processor.py:830} INFO - Processing file /opt/airflow/dags/my_first_dag.py for tasks to queue
[2025-07-08T20:29:48.224+0000] {logging_mixin.py:188} INFO - [2025-07-08T20:29:48.223+0000] {dagbag.py:538} INFO - Filling up the DagBag from /opt/airflow/dags/my_first_dag.py
[2025-07-08T20:29:49.080+0000] {processor.py:840} INFO - DAG(s) 'products_sales_report' retrieved from /opt/airflow/dags/my_first_dag.py
[2025-07-08T20:29:49.104+0000] {logging_mixin.py:188} INFO - [2025-07-08T20:29:49.104+0000] {dag.py:3036} INFO - Sync 1 DAGs
[2025-07-08T20:29:49.135+0000] {logging_mixin.py:188} INFO - [2025-07-08T20:29:49.134+0000] {dag.py:3823} INFO - Setting next_dagrun for products_sales_report to 2025-07-07 00:00:00+00:00, run_after=2025-07-08 00:00:00+00:00
[2025-07-08T20:29:49.178+0000] {processor.py:183} INFO - Processing /opt/airflow/dags/my_first_dag.py took 0.968 seconds
[2025-07-08T20:30:19.296+0000] {processor.py:161} INFO - Started process (PID=1594) to work on /opt/airflow/dags/my_first_dag.py
[2025-07-08T20:30:19.297+0000] {processor.py:830} INFO - Processing file /opt/airflow/dags/my_first_dag.py for tasks to queue
[2025-07-08T20:30:19.300+0000] {logging_mixin.py:188} INFO - [2025-07-08T20:30:19.300+0000] {dagbag.py:538} INFO - Filling up the DagBag from /opt/airflow/dags/my_first_dag.py
[2025-07-08T20:30:20.069+0000] {logging_mixin.py:188} INFO - [2025-07-08T20:30:20.055+0000] {dagbag.py:348} ERROR - Failed to import: /opt/airflow/dags/my_first_dag.py
Traceback (most recent call last):
  File "/home/airflow/.local/lib/python3.8/site-packages/airflow/models/dagbag.py", line 344, in parse
    loader.exec_module(new_module)
  File "<frozen importlib._bootstrap_external>", line 843, in exec_module
  File "<frozen importlib._bootstrap>", line 219, in _call_with_frames_removed
  File "/opt/airflow/dags/my_first_dag.py", line 33, in <module>
    start_date=days_ago(1),
NameError: name 'days_ago' is not defined
[2025-07-08T20:30:20.072+0000] {processor.py:842} WARNING - No viable dags retrieved from /opt/airflow/dags/my_first_dag.py
[2025-07-08T20:30:20.106+0000] {processor.py:183} INFO - Processing /opt/airflow/dags/my_first_dag.py took 0.816 seconds
[2025-07-08T20:30:50.634+0000] {processor.py:161} INFO - Started process (PID=1651) to work on /opt/airflow/dags/my_first_dag.py
[2025-07-08T20:30:50.636+0000] {processor.py:830} INFO - Processing file /opt/airflow/dags/my_first_dag.py for tasks to queue
[2025-07-08T20:30:50.643+0000] {logging_mixin.py:188} INFO - [2025-07-08T20:30:50.642+0000] {dagbag.py:538} INFO - Filling up the DagBag from /opt/airflow/dags/my_first_dag.py
[2025-07-08T20:30:51.635+0000] {logging_mixin.py:188} INFO - [2025-07-08T20:30:51.629+0000] {dagbag.py:348} ERROR - Failed to import: /opt/airflow/dags/my_first_dag.py
Traceback (most recent call last):
  File "/home/airflow/.local/lib/python3.8/site-packages/airflow/models/dagbag.py", line 344, in parse
    loader.exec_module(new_module)
  File "<frozen importlib._bootstrap_external>", line 843, in exec_module
  File "<frozen importlib._bootstrap>", line 219, in _call_with_frames_removed
  File "/opt/airflow/dags/my_first_dag.py", line 33, in <module>
    start_date=days_ago(1),
NameError: name 'days_ago' is not defined
[2025-07-08T20:30:51.638+0000] {processor.py:842} WARNING - No viable dags retrieved from /opt/airflow/dags/my_first_dag.py
[2025-07-08T20:30:51.678+0000] {processor.py:183} INFO - Processing /opt/airflow/dags/my_first_dag.py took 1.050 seconds
